[debug] [2020-05-12T21:13:09.377Z] ----------------------------------------------------------------------
[debug] [2020-05-12T21:13:09.378Z] Command:       C:\Program Files\nodejs\node.exe C:\Users\Dmitrii\AppData\Roaming\npm\node_modules\firebase-tools\lib\bin\firebase.js serve
[debug] [2020-05-12T21:13:09.379Z] CLI Version:   8.2.0
[debug] [2020-05-12T21:13:09.379Z] Platform:      win32
[debug] [2020-05-12T21:13:09.379Z] Node Version:  v13.10.1
[debug] [2020-05-12T21:13:09.380Z] Time:          Tue May 12 2020 23:13:09 GMT+0200 (Центральная Европа, летнее время)
[debug] [2020-05-12T21:13:09.380Z] ----------------------------------------------------------------------
[debug] [2020-05-12T21:13:09.380Z] 
[debug] [2020-05-12T21:13:09.388Z] > command requires scopes: ["email","openid","https://www.googleapis.com/auth/cloudplatformprojects.readonly","https://www.googleapis.com/auth/firebase","https://www.googleapis.com/auth/cloud-platform"]
[debug] [2020-05-12T21:13:09.388Z] > authorizing via signed-in user
[debug] [2020-05-12T21:13:09.388Z] [iam] checking project graphviz-ce66e for permissions ["firebase.projects.get"]
[debug] [2020-05-12T21:13:09.391Z] >>> HTTP REQUEST POST https://cloudresourcemanager.googleapis.com/v1/projects/graphviz-ce66e:testIamPermissions  
 {"permissions":["firebase.projects.get"]}
[debug] [2020-05-12T21:13:10.233Z] <<< HTTP RESPONSE 200 {"content-type":"application/json; charset=UTF-8","vary":"X-Origin, Referer, Origin,Accept-Encoding","date":"Tue, 12 May 2020 21:13:10 GMT","server":"ESF","cache-control":"private","x-xss-protection":"0","x-frame-options":"SAMEORIGIN","x-content-type-options":"nosniff","server-timing":"gfet4t7; dur=770","alt-svc":"h3-27=\":443\"; ma=2592000,h3-25=\":443\"; ma=2592000,h3-T050=\":443\"; ma=2592000,h3-Q050=\":443\"; ma=2592000,h3-Q049=\":443\"; ma=2592000,h3-Q048=\":443\"; ma=2592000,h3-Q046=\":443\"; ma=2592000,h3-Q043=\":443\"; ma=2592000,quic=\":443\"; ma=2592000; v=\"46,43\"","accept-ranges":"none","transfer-encoding":"chunked"}
[debug] [2020-05-12T21:13:10.235Z] >>> HTTP REQUEST GET https://firebase.googleapis.com/v1beta1/projects/graphviz-ce66e  
 
[debug] [2020-05-12T21:13:10.439Z] <<< HTTP RESPONSE 200 {"content-type":"application/json; charset=UTF-8","vary":"X-Origin, Referer, Origin,Accept-Encoding","date":"Tue, 12 May 2020 21:13:10 GMT","server":"ESF","cache-control":"private","x-xss-protection":"0","x-frame-options":"SAMEORIGIN","x-content-type-options":"nosniff","alt-svc":"h3-27=\":443\"; ma=2592000,h3-25=\":443\"; ma=2592000,h3-Q050=\":443\"; ma=2592000,h3-Q049=\":443\"; ma=2592000,h3-Q048=\":443\"; ma=2592000,h3-Q046=\":443\"; ma=2592000,h3-Q043=\":443\"; ma=2592000,quic=\":443\"; ma=2592000; v=\"46,43\"","accept-ranges":"none","transfer-encoding":"chunked"}
[info] 
[info] === Serving from 'D:\projects\utb-x'...
[info] 
[debug] [2020-05-12T21:13:10.443Z] >>> HTTP REQUEST GET https://firebase.googleapis.com/v1beta1/projects/graphviz-ce66e/webApps/-/config  
 
[debug] [2020-05-12T21:13:10.920Z] <<< HTTP RESPONSE 200 {"content-type":"application/json; charset=UTF-8","vary":"X-Origin, Referer, Origin,Accept-Encoding","date":"Tue, 12 May 2020 21:13:10 GMT","server":"ESF","cache-control":"private","x-xss-protection":"0","x-frame-options":"SAMEORIGIN","x-content-type-options":"nosniff","alt-svc":"h3-27=\":443\"; ma=2592000,h3-25=\":443\"; ma=2592000,h3-Q050=\":443\"; ma=2592000,h3-Q049=\":443\"; ma=2592000,h3-Q048=\":443\"; ma=2592000,h3-Q046=\":443\"; ma=2592000,h3-Q043=\":443\"; ma=2592000,quic=\":443\"; ma=2592000; v=\"46,43\"","accept-ranges":"none","transfer-encoding":"chunked"}
[info] i  hosting[utb-xchange]: Serving hosting files from: public
[info] +  hosting[utb-xchange]: Local server: http://localhost:5000
[warn] !  Your requested "node" version "8" doesn't match your global version "13"
[info] +  functions: functions emulator started at http://localhost:5001
[info] i  functions: Watching "D:\projects\utb-x\functions" for Cloud Functions...
[debug] [2020-05-12T21:13:12.475Z] [worker-pool] addWorker(~diagnostic~) 
[debug] [2020-05-12T21:13:12.475Z] [worker-pool] Adding worker with key ~diagnostic~, total=1 
[debug] [2020-05-12T21:13:12.475Z] [worker-pool] submitWork(triggerId=) 
[debug] [2020-05-12T21:13:12.475Z] [worker-~diagnostic~-583f5a40-b872-4d83-9ced-6a704f25744a]: Assigning socketPath: \\?\pipe\D:\projects\utb-x\functions\14160 
[debug] [2020-05-12T21:13:12.476Z] [worker-~diagnostic~-583f5a40-b872-4d83-9ced-6a704f25744a]: BUSY 
[debug] [2020-05-12T21:13:12.854Z] [runtime-status] [14160] Functions runtime initialized. {"cwd":"D:\\projects\\utb-x\\functions","node_version":"13.10.1"} 
[debug] [2020-05-12T21:13:12.858Z] [runtime-status] [14160] Disabled runtime features: undefined 
[debug] [2020-05-12T21:13:12.861Z] [runtime-status] [14160] Resolved module firebase-admin {"declared":true,"installed":true,"version":"8.12.1","resolution":"D:\\projects\\utb-x\\functions\\node_modules\\firebase-admin\\lib\\index.js"} 
[debug] [2020-05-12T21:13:12.864Z] [runtime-status] [14160] Resolved module firebase-functions {"declared":true,"installed":true,"version":"3.6.1","resolution":"D:\\projects\\utb-x\\functions\\node_modules\\firebase-functions\\lib\\index.js"} 
[debug] [2020-05-12T21:13:12.866Z] [runtime-status] [14160] Outgoing network have been stubbed. [{"name":"http","status":"mocked"},{"name":"http","status":"mocked"},{"name":"https","status":"mocked"},{"name":"https","status":"mocked"},{"name":"net","status":"mocked"}] 
[debug] [2020-05-12T21:13:12.904Z] [runtime-status] [14160] Checked functions.config() {"config":{}} 
[debug] [2020-05-12T21:13:12.905Z] [runtime-status] [14160] Resolved module firebase-functions {"declared":true,"installed":true,"version":"3.6.1","resolution":"D:\\projects\\utb-x\\functions\\node_modules\\firebase-functions\\lib\\index.js"} 
[debug] [2020-05-12T21:13:12.906Z] [runtime-status] [14160] Resolved module firebase-admin {"declared":true,"installed":true,"version":"8.12.1","resolution":"D:\\projects\\utb-x\\functions\\node_modules\\firebase-admin\\lib\\index.js"} 
[debug] [2020-05-12T21:13:12.907Z] [runtime-status] [14160] Resolved module firebase-functions {"declared":true,"installed":true,"version":"3.6.1","resolution":"D:\\projects\\utb-x\\functions\\node_modules\\firebase-functions\\lib\\index.js"} 
[debug] [2020-05-12T21:13:12.907Z] [runtime-status] [14160] firebase-admin has been stubbed. {"adminResolution":{"declared":true,"installed":true,"version":"8.12.1","resolution":"D:\\projects\\utb-x\\functions\\node_modules\\firebase-admin\\lib\\index.js"}} 
[debug] [2020-05-12T21:13:13.114Z] [runtime-status] [14160] initializeApp(DEFAULT) {"databaseURL":"https://graphviz-ce66e.firebaseio.com","storageBucket":"graphviz-ce66e.appspot.com","projectId":"graphviz-ce66e","credential":{"implicit":false,"projectId":"graphviz-ce66e","privateKey":"-----BEGIN PRIVATE KEY-----\nMIIEvgIBADANBgkqhkiG9w0BAQEFAASCBKgwggSkAgEAAoIBAQCxwaCKVNUjvhTG\naXV5OmZ/7E7M6Jk+UPf1e7AUmehakL0kMRh9CinnfBCHKM5DUzrOWxj+HHi8wCMJ\n3tsZ7N5st3UUkT161getZzJyYTxPz5hqPg/zo7p0Q0YPeUwEyXkSwGtx4sIkHIbh\nUZZm9rzvSK8G1226D/b+tcxTt526FU8ERJf2c1OSBD5Gi5PNbM80Kk7oz/l5pyM3\nmZmx6zqoYJd4L7WhcxPO1zCxFp6K6LsPRZe0kB3/2fgRGJvEhIQi35+UGk35Jx/r\npm/2+i7vGHggKvccS3ZSob/ASB3u4O72ybGHuWud9IdHU3jhts90IBVUij5nLm7w\naVe64B8JAgMBAAECggEAAPH7JREravu9R4rTBZiCaAa9KojIG9U5ZFRKjOl+m1Cu\nuM0MCMovi9wUiGt2oVQFeYhxexRyrepFpW1Kc/pW+nQFSt002vzdYJYuZf5PYEtF\nz7bRxeVmfezHqBhoh5P8sVVVnO7sQl3md7dD2ftQ6OLVj29A1Z71HMihtAZDb/Rf\nxnKtLasM/NjZbeo1djqm4TV0T4Auh3e+C9ZjU8ZuCdzn/sPbKIlwXegQu7LoZDJA\nTHPOhOCRHRAiOIV9eS1PKs3SWYg00aSEywC8Mw33AiFTInWnFq1+iLLu4gNKYPE6\n4i6Z3qw9D50qEWIa2VVHQahYw5G1llwxWs2xCzgA8wKBgQDp0o+hzQCsyMpL8BbF\nOSshfbwKAjGIUGz33c+fq16XgoqRH4l0XLUiaydJeTRi3Rkz5cnQfwo72lJ4sraR\nukXZNpOPMIWsdRYpEwFJX5mnezNZUYXCLCEU/SsTC/Q6UOYVn4YDInH/nBKKT60r\ncmH0LsSeSWeNTcyvOJYJEp5DkwKBgQDCnbmkvO3yJ707me+SY7DjEl/uQPo9/4Yw\nER066nJUVUG+mWbFNCR8tIpWUAVtL7nclzmv707MA46ig7ECkk0bOueubjDWhC9/\nGCpT7BmYpTv5IosYDATC4/7g5ibK1nZixXZUNXOxKnx7pZ4NNHjI9BxZWttSp68W\nxKWCJLuscwKBgDD7dC1gBbEsivxnek2skTV94oNyPDAjMQCnzdPUEYfJx/9ozOG8\nfhGMwvkoU+oWCS6PB70Or/Uj4jz4qzhR/knnnffUIVykVpUaLx3Q0h58t6ARbOTl\nW7TK6FggG/SPd/O1rFxBvgHfDx88W7mLR6vglD3YgMHgN23Je9zAsrjTAoGBALlA\nymY2MYpAqbECZzpCCy8bXpW85Hf/tAwtPlXGte3w+hQkkd9GMzVB5i0jHwdAVvvU\nN+VxNuCcwjmQgf6gpSU2fTNdUL/iNBQXPLOGGxdisiQE7cKGLkIWJZiPfH24iBid\nPnYKK4aJmtVYYYrQV+lx9UpZYkzbsZ9KsQGhVcRhAoGBAKQlvbRtNAuU4jG8BxUF\nLXLkjMgDYcm9jWyq86Uz+o0AHPdZcrxxoCSK7VAsqI6NcOYDrRkyFhlSeY3O5vqt\nDTkg23JrMQmAxX5fFEFESazKHTOxIbc/gAoeXGoeICJM3czcJeRWKRkiQWSC34yS\nmhHs5L/gUXn+/uO6TiIR5ft7\n-----END PRIVATE KEY-----\n","clientEmail":"firebase-adminsdk-4t93u@graphviz-ce66e.iam.gserviceaccount.com","httpClient":{"retry":{"maxRetries":4,"statusCodes":[503],"ioErrorCodes":["ECONNRESET","ETIMEDOUT"],"backOffFactor":0.5,"maxDelayInMillis":60000}}}} 
[info] +  functions[helloWorld]: http function initialized (http://localhost:5001/graphviz-ce66e/us-central1/helloWorld).
[info] +  functions[updateUniversitiesInfo]: http function initialized (http://localhost:5001/graphviz-ce66e/us-central1/updateUniversitiesInfo).
[debug] [2020-05-12T21:13:13.117Z] [worker-~diagnostic~-583f5a40-b872-4d83-9ced-6a704f25744a]: IDLE 
